<?xml version="1.0" encoding="UTF-8"?>
<testsuite name="com.movile.springbootmvc.WelcomeControllerTest" tests="1" skipped="0" failures="0" errors="0" timestamp="2016-03-09T19:53:53" hostname="note-318" time="0.144">
  <properties/>
  <testcase name="homePage" classname="com.movile.springbootmvc.WelcomeControllerTest" time="0.144"/>
  <system-out><![CDATA[16:53:47.893 [Test worker] DEBUG o.s.t.c.j.SpringJUnit4ClassRunner - SpringJUnit4ClassRunner constructor called with [class com.movile.springbootmvc.WelcomeControllerTest].
16:53:47.906 [Test worker] DEBUG o.s.test.context.BootstrapUtils - Instantiating TestContextBootstrapper from class [org.springframework.test.context.web.WebTestContextBootstrapper]
16:53:47.935 [Test worker] DEBUG o.s.t.c.w.WebTestContextBootstrapper - Found explicit ContextLoader class [org.springframework.boot.test.SpringApplicationContextLoader] for context configuration attributes [ContextConfigurationAttributes@b349ce0 declaringClass = 'com.movile.springbootmvc.WelcomeControllerTest', classes = '{class com.movile.springbootmvc.config.ApplicationConfiguration}', locations = '{}', inheritLocations = true, initializers = '{}', inheritInitializers = true, name = [null], contextLoaderClass = 'org.springframework.boot.test.SpringApplicationContextLoader']
16:53:47.948 [Test worker] DEBUG o.s.t.c.s.AbstractContextLoader - Did not detect default resource location for test class [com.movile.springbootmvc.WelcomeControllerTest]: class path resource [com/movile/springbootmvc/WelcomeControllerTest-context.xml] does not exist
16:53:47.949 [Test worker] DEBUG o.s.t.c.s.AbstractContextLoader - Did not detect default resource location for test class [com.movile.springbootmvc.WelcomeControllerTest]: class path resource [com/movile/springbootmvc/WelcomeControllerTestContext.groovy] does not exist
16:53:47.949 [Test worker] INFO  o.s.t.c.s.AbstractContextLoader - Could not detect default resource locations for test class [com.movile.springbootmvc.WelcomeControllerTest]: no resource found for suffixes {-context.xml, Context.groovy}.
16:53:47.952 [Test worker] DEBUG o.s.t.c.support.ActiveProfilesUtils - Could not find an 'annotation declaring class' for annotation type [org.springframework.test.context.ActiveProfiles] and class [com.movile.springbootmvc.WelcomeControllerTest]
16:53:47.959 [Test worker] DEBUG o.s.t.c.w.WebTestContextBootstrapper - @TestExecutionListeners is not present for class [com.movile.springbootmvc.WelcomeControllerTest]: using defaults.
16:53:47.990 [Test worker] INFO  o.s.t.c.w.WebTestContextBootstrapper - Loaded default TestExecutionListener class names from location [META-INF/spring.factories]: [org.springframework.test.context.web.ServletTestExecutionListener, org.springframework.test.context.support.DependencyInjectionTestExecutionListener, org.springframework.test.context.support.DirtiesContextTestExecutionListener, org.springframework.test.context.transaction.TransactionalTestExecutionListener, org.springframework.test.context.jdbc.SqlScriptsTestExecutionListener]
16:53:47.993 [Test worker] INFO  o.s.t.c.w.WebTestContextBootstrapper - Could not instantiate TestExecutionListener [org.springframework.test.context.jdbc.SqlScriptsTestExecutionListener]. Specify custom listener classes or make the default listener classes (and their required dependencies) available. Offending class: [org/springframework/transaction/interceptor/TransactionAttribute]
16:53:47.994 [Test worker] INFO  o.s.t.c.w.WebTestContextBootstrapper - Could not instantiate TestExecutionListener [org.springframework.test.context.transaction.TransactionalTestExecutionListener]. Specify custom listener classes or make the default listener classes (and their required dependencies) available. Offending class: [org/springframework/transaction/TransactionDefinition]
16:53:48.014 [Test worker] INFO  o.s.t.c.w.WebTestContextBootstrapper - Using TestExecutionListeners: [org.springframework.test.context.web.ServletTestExecutionListener@88a9351, org.springframework.test.context.support.DependencyInjectionTestExecutionListener@65faca35, org.springframework.test.context.support.DirtiesContextTestExecutionListener@768d6d61]
16:53:48.018 [Test worker] DEBUG o.s.t.annotation.ProfileValueUtils - Retrieved @ProfileValueSourceConfiguration [null] for test class [com.movile.springbootmvc.WelcomeControllerTest]
16:53:48.019 [Test worker] DEBUG o.s.t.annotation.ProfileValueUtils - Retrieved ProfileValueSource type [class org.springframework.test.annotation.SystemProfileValueSource] for class [com.movile.springbootmvc.WelcomeControllerTest]
16:53:48.021 [Test worker] DEBUG o.s.t.annotation.ProfileValueUtils - Retrieved @ProfileValueSourceConfiguration [null] for test class [com.movile.springbootmvc.WelcomeControllerTest]
16:53:48.022 [Test worker] DEBUG o.s.t.annotation.ProfileValueUtils - Retrieved ProfileValueSource type [class org.springframework.test.annotation.SystemProfileValueSource] for class [com.movile.springbootmvc.WelcomeControllerTest]
16:53:48.022 [Test worker] DEBUG o.s.t.annotation.ProfileValueUtils - Retrieved @ProfileValueSourceConfiguration [null] for test class [com.movile.springbootmvc.WelcomeControllerTest]
16:53:48.022 [Test worker] DEBUG o.s.t.annotation.ProfileValueUtils - Retrieved ProfileValueSource type [class org.springframework.test.annotation.SystemProfileValueSource] for class [com.movile.springbootmvc.WelcomeControllerTest]
16:53:48.024 [Test worker] DEBUG o.s.t.annotation.ProfileValueUtils - Retrieved @ProfileValueSourceConfiguration [null] for test class [com.movile.springbootmvc.WelcomeControllerTest]
16:53:48.024 [Test worker] DEBUG o.s.t.annotation.ProfileValueUtils - Retrieved ProfileValueSource type [class org.springframework.test.annotation.SystemProfileValueSource] for class [com.movile.springbootmvc.WelcomeControllerTest]
16:53:48.097 [Test worker] DEBUG o.s.core.env.StandardEnvironment - Adding [systemProperties] PropertySource with lowest search precedence
16:53:48.100 [Test worker] DEBUG o.s.core.env.StandardEnvironment - Adding [systemEnvironment] PropertySource with lowest search precedence
16:53:48.100 [Test worker] DEBUG o.s.core.env.StandardEnvironment - Initialized StandardEnvironment with PropertySources [systemProperties,systemEnvironment]
16:53:48.102 [Test worker] DEBUG o.s.core.env.StandardEnvironment - Adding [integrationTest] PropertySource with search precedence immediately lower than [systemEnvironment]

  .   ____          _            __ _ _
 /\\ / ___'_ __ _ _(_)_ __  __ _ \ \ \ \
( ( )\___ | '_ | '_| | '_ \/ _` | \ \ \ \
 \\/  ___)| |_)| | | | | || (_| |  ) ) ) )
  '  |____| .__|_| |_|_| |_\__, | / / / /
 =========|_|==============|___/=/_/_/_/
 :: Spring Boot ::        (v1.3.3.RELEASE)

2016-03-09 16:53:48.605  INFO 27502 --- [    Test worker] c.m.springbootmvc.WelcomeControllerTest  : Starting WelcomeControllerTest on note-318 with PID 27502 (/home/raphael/git/SpringBootMVC/build/classes/test started by raphael in /home/raphael/git/SpringBootMVC)
2016-03-09 16:53:48.605  INFO 27502 --- [    Test worker] c.m.springbootmvc.WelcomeControllerTest  : No active profile set, falling back to default profiles: default
2016-03-09 16:53:48.837  INFO 27502 --- [    Test worker] o.s.w.c.s.GenericWebApplicationContext   : Refreshing org.springframework.web.context.support.GenericWebApplicationContext@1bc1c17c: startup date [Wed Mar 09 16:53:48 BRT 2016]; root of context hierarchy
2016-03-09 16:53:52.124  INFO 27502 --- [    Test worker] s.w.s.m.m.a.RequestMappingHandlerAdapter : Looking for @ControllerAdvice: org.springframework.web.context.support.GenericWebApplicationContext@1bc1c17c: startup date [Wed Mar 09 16:53:48 BRT 2016]; root of context hierarchy
2016-03-09 16:53:52.134  INFO 27502 --- [    Test worker] o.s.core.annotation.AnnotationUtils      : Failed to introspect annotations on [class org.springframework.boot.actuate.autoconfigure.HealthIndicatorAutoConfiguration$$EnhancerBySpringCGLIB$$8a5d1fa7]: java.lang.ArrayStoreException: sun.reflect.annotation.TypeNotPresentExceptionProxy
2016-03-09 16:53:52.136  INFO 27502 --- [    Test worker] o.s.core.annotation.AnnotationUtils      : Failed to introspect annotations on [class org.springframework.boot.actuate.autoconfigure.HealthIndicatorAutoConfiguration$$EnhancerBySpringCGLIB$$8a5d1fa7]: java.lang.ArrayStoreException: sun.reflect.annotation.TypeNotPresentExceptionProxy
2016-03-09 16:53:52.218  INFO 27502 --- [    Test worker] s.w.s.m.m.a.RequestMappingHandlerMapping : Mapped "{[/page2]}" onto public java.lang.String com.movile.springbootmvc.controller.PaginaController.pagina2(java.util.Map<java.lang.String, java.lang.Object>)
2016-03-09 16:53:52.219  INFO 27502 --- [    Test worker] s.w.s.m.m.a.RequestMappingHandlerMapping : Mapped "{[/]}" onto public java.lang.String com.movile.springbootmvc.controller.WelcomeController.welcome(java.util.Map<java.lang.String, java.lang.Object>)
2016-03-09 16:53:52.222  INFO 27502 --- [    Test worker] s.w.s.m.m.a.RequestMappingHandlerMapping : Mapped "{[/error],produces=[text/html]}" onto public org.springframework.web.servlet.ModelAndView org.springframework.boot.autoconfigure.web.BasicErrorController.errorHtml(javax.servlet.http.HttpServletRequest,javax.servlet.http.HttpServletResponse)
2016-03-09 16:53:52.223  INFO 27502 --- [    Test worker] s.w.s.m.m.a.RequestMappingHandlerMapping : Mapped "{[/error]}" onto public org.springframework.http.ResponseEntity<java.util.Map<java.lang.String, java.lang.Object>> org.springframework.boot.autoconfigure.web.BasicErrorController.error(javax.servlet.http.HttpServletRequest)
2016-03-09 16:53:52.224  INFO 27502 --- [    Test worker] o.s.core.annotation.AnnotationUtils      : Failed to introspect annotations on [class org.springframework.boot.actuate.autoconfigure.HealthIndicatorAutoConfiguration$$EnhancerBySpringCGLIB$$8a5d1fa7]: java.lang.ArrayStoreException: sun.reflect.annotation.TypeNotPresentExceptionProxy
2016-03-09 16:53:52.225  INFO 27502 --- [    Test worker] o.s.core.annotation.AnnotationUtils      : Failed to introspect annotations on [class org.springframework.boot.actuate.autoconfigure.HealthIndicatorAutoConfiguration$$EnhancerBySpringCGLIB$$8a5d1fa7]: java.lang.ArrayStoreException: sun.reflect.annotation.TypeNotPresentExceptionProxy
2016-03-09 16:53:52.274  INFO 27502 --- [    Test worker] o.s.w.s.handler.SimpleUrlHandlerMapping  : Mapped URL path [/webjars/**] onto handler of type [class org.springframework.web.servlet.resource.ResourceHttpRequestHandler]
2016-03-09 16:53:52.275  INFO 27502 --- [    Test worker] o.s.w.s.handler.SimpleUrlHandlerMapping  : Mapped URL path [/**] onto handler of type [class org.springframework.web.servlet.resource.ResourceHttpRequestHandler]
2016-03-09 16:53:52.307  INFO 27502 --- [    Test worker] o.s.core.annotation.AnnotationUtils      : Failed to introspect annotations on [class org.springframework.boot.actuate.autoconfigure.HealthIndicatorAutoConfiguration$$EnhancerBySpringCGLIB$$8a5d1fa7]: java.lang.ArrayStoreException: sun.reflect.annotation.TypeNotPresentExceptionProxy
2016-03-09 16:53:52.307  INFO 27502 --- [    Test worker] o.s.core.annotation.AnnotationUtils      : Failed to introspect annotations on [class org.springframework.boot.actuate.autoconfigure.HealthIndicatorAutoConfiguration$$EnhancerBySpringCGLIB$$8a5d1fa7]: java.lang.ArrayStoreException: sun.reflect.annotation.TypeNotPresentExceptionProxy
2016-03-09 16:53:52.344  INFO 27502 --- [    Test worker] o.s.w.s.handler.SimpleUrlHandlerMapping  : Mapped URL path [/**/favicon.ico] onto handler of type [class org.springframework.web.servlet.resource.ResourceHttpRequestHandler]
2016-03-09 16:53:52.392  INFO 27502 --- [    Test worker] org.eclipse.jetty.util.log               : Logging initialized @14347ms
2016-03-09 16:53:52.603  INFO 27502 --- [    Test worker] o.s.core.annotation.AnnotationUtils      : Failed to introspect annotations on [class org.springframework.boot.actuate.autoconfigure.HealthIndicatorAutoConfiguration$$EnhancerBySpringCGLIB$$8a5d1fa7]: java.lang.ArrayStoreException: sun.reflect.annotation.TypeNotPresentExceptionProxy
2016-03-09 16:53:52.879  INFO 27502 --- [    Test worker] o.s.b.a.e.mvc.EndpointHandlerMapping     : Mapped "{[/info],methods=[GET]}" onto public java.lang.Object org.springframework.boot.actuate.endpoint.mvc.EndpointMvcAdapter.invoke()
2016-03-09 16:53:52.880  INFO 27502 --- [    Test worker] o.s.b.a.e.mvc.EndpointHandlerMapping     : Mapped "{[/health]}" onto public java.lang.Object org.springframework.boot.actuate.endpoint.mvc.HealthMvcEndpoint.invoke(java.security.Principal)
2016-03-09 16:53:52.882  INFO 27502 --- [    Test worker] o.s.b.a.e.mvc.EndpointHandlerMapping     : Mapped "{[/metrics/{name:.*}],methods=[GET]}" onto public java.lang.Object org.springframework.boot.actuate.endpoint.mvc.MetricsMvcEndpoint.value(java.lang.String)
2016-03-09 16:53:52.882  INFO 27502 --- [    Test worker] o.s.b.a.e.mvc.EndpointHandlerMapping     : Mapped "{[/metrics],methods=[GET]}" onto public java.lang.Object org.springframework.boot.actuate.endpoint.mvc.EndpointMvcAdapter.invoke()
2016-03-09 16:53:52.883  INFO 27502 --- [    Test worker] o.s.b.a.e.mvc.EndpointHandlerMapping     : Mapped "{[/mappings],methods=[GET]}" onto public java.lang.Object org.springframework.boot.actuate.endpoint.mvc.EndpointMvcAdapter.invoke()
2016-03-09 16:53:52.883  INFO 27502 --- [    Test worker] o.s.b.a.e.mvc.EndpointHandlerMapping     : Mapped "{[/trace],methods=[GET]}" onto public java.lang.Object org.springframework.boot.actuate.endpoint.mvc.EndpointMvcAdapter.invoke()
2016-03-09 16:53:52.883  INFO 27502 --- [    Test worker] o.s.b.a.e.mvc.EndpointHandlerMapping     : Mapped "{[/autoconfig],methods=[GET]}" onto public java.lang.Object org.springframework.boot.actuate.endpoint.mvc.EndpointMvcAdapter.invoke()
2016-03-09 16:53:52.884  INFO 27502 --- [    Test worker] o.s.b.a.e.mvc.EndpointHandlerMapping     : Mapped "{[/env/{name:.*}],methods=[GET]}" onto public java.lang.Object org.springframework.boot.actuate.endpoint.mvc.EnvironmentMvcEndpoint.value(java.lang.String)
2016-03-09 16:53:52.885  INFO 27502 --- [    Test worker] o.s.b.a.e.mvc.EndpointHandlerMapping     : Mapped "{[/env],methods=[GET]}" onto public java.lang.Object org.springframework.boot.actuate.endpoint.mvc.EndpointMvcAdapter.invoke()
2016-03-09 16:53:52.887  INFO 27502 --- [    Test worker] o.s.b.a.e.mvc.EndpointHandlerMapping     : Mapped "{[/dump],methods=[GET]}" onto public java.lang.Object org.springframework.boot.actuate.endpoint.mvc.EndpointMvcAdapter.invoke()
2016-03-09 16:53:52.888  INFO 27502 --- [    Test worker] o.s.b.a.e.mvc.EndpointHandlerMapping     : Mapped "{[/configprops],methods=[GET]}" onto public java.lang.Object org.springframework.boot.actuate.endpoint.mvc.EndpointMvcAdapter.invoke()
2016-03-09 16:53:52.888  INFO 27502 --- [    Test worker] o.s.b.a.e.mvc.EndpointHandlerMapping     : Mapped "{[/beans],methods=[GET]}" onto public java.lang.Object org.springframework.boot.actuate.endpoint.mvc.EndpointMvcAdapter.invoke()
2016-03-09 16:53:53.104  INFO 27502 --- [    Test worker] o.s.w.s.v.f.FreeMarkerConfigurer         : ClassTemplateLoader for Spring macros added to FreeMarker configuration
2016-03-09 16:53:53.284  INFO 27502 --- [    Test worker] c.m.springbootmvc.WelcomeControllerTest  : Started WelcomeControllerTest in 5.169 seconds (JVM running for 15.241)
2016-03-09 16:53:53.347  INFO 27502 --- [    Test worker] o.s.b.test.SpringBootMockServletContext  : Initializing Spring FrameworkServlet ''
2016-03-09 16:53:53.348  INFO 27502 --- [    Test worker] o.s.t.web.servlet.TestDispatcherServlet  : FrameworkServlet '': initialization started
2016-03-09 16:53:53.376  INFO 27502 --- [    Test worker] o.s.t.web.servlet.TestDispatcherServlet  : FrameworkServlet '': initialization completed in 28 ms
]]></system-out>
  <system-err><![CDATA[]]></system-err>
</testsuite>
